Using pre-set license
Built from '2020.2/release' branch; Version is '2020.2.0f1 (3721df5a8b28) revision 3613151'; Using compiler version '192528614'; Build Type 'Release'
OS: 'Windows 10  (10.0.0) 64bit' Language: 'en' Physical Memory: 16310 MB
BatchMode: 1, IsHumanControllingUs: 0, StartBugReporterOnCrash: 0, Is64bit: 1, IsPro: 0

 COMMAND LINE ARGUMENTS:
C:\Program Files\Unity\Hub\Editor\2020.2.0f1\Editor\Unity.exe
-adb2
-batchMode
-noUpm
-name
AssetImportWorker0
-projectPath
C:/Users/Nick/Desktop/Nick/backup from old pc/Unity/2D Platformer
-logFile
Logs/AssetImportWorker0.log
-srvPort
59493
Successfully changed project path to: C:/Users/Nick/Desktop/Nick/backup from old pc/Unity/2D Platformer
C:/Users/Nick/Desktop/Nick/backup from old pc/Unity/2D Platformer
Using Asset Import Pipeline V2.
Refreshing native plugins compatible for Editor in 45.10 ms, found 0 plugins.
Preloading 0 native plugins for Editor in 0.00 ms.
Initialize engine version: 2020.2.0f1 (3721df5a8b28)
[Subsystems] Discovering subsystems at path C:/Program Files/Unity/Hub/Editor/2020.2.0f1/Editor/Data/Resources/UnitySubsystems
[Subsystems] Discovering subsystems at path C:/Users/Nick/Desktop/Nick/backup from old pc/Unity/2D Platformer/Assets
GfxDevice: creating device client; threaded=0
Direct3D:
    Version:  Direct3D 11.0 [level 11.1]
    Renderer: AMD Radeon RX 5600 XT (ID=0x731f)
    Vendor:   
    VRAM:     6103 MB
    Driver:   30.0.14023.3004
Initialize mono
Mono path[0] = 'C:/Program Files/Unity/Hub/Editor/2020.2.0f1/Editor/Data/Managed'
Mono path[1] = 'C:/Program Files/Unity/Hub/Editor/2020.2.0f1/Editor/Data/MonoBleedingEdge/lib/mono/unityjit'
Mono config path = 'C:/Program Files/Unity/Hub/Editor/2020.2.0f1/Editor/Data/MonoBleedingEdge/etc'
Using monoOptions --debugger-agent=transport=dt_socket,embedding=1,server=y,suspend=n,address=127.0.0.1:56128
Begin MonoManager ReloadAssembly
Registering precompiled unity dll's ...
Register platform support module: C:/Program Files/Unity/Hub/Editor/2020.2.0f1/Editor/Data/PlaybackEngines/WindowsStandaloneSupport/UnityEditor.WindowsStandalone.Extensions.dll
Registered in 0.002580 seconds.
Native extension for WindowsStandalone target not found
Refreshing native plugins compatible for Editor in 40.17 ms, found 0 plugins.
Preloading 0 native plugins for Editor in 0.00 ms.
Invoked RoslynAnalysisRunner static constructor.
RoslynAnalysisRunner will not be running.
RoslynAnalysisRunner has terminated.
Mono: successfully reloaded assembly
- Completed reload, in  2.103 seconds
Platform modules already initialized, skipping
Registering precompiled user dll's ...
Registered in 0.004835 seconds.
Begin MonoManager ReloadAssembly
Native extension for WindowsStandalone target not found
Refreshing native plugins compatible for Editor in 0.41 ms, found 0 plugins.
Preloading 0 native plugins for Editor in 0.00 ms.
Invoked RoslynAnalysisRunner static constructor.
RoslynAnalysisRunner will not be running.
RoslynAnalysisRunner has terminated.
Mono: successfully reloaded assembly
- Completed reload, in  0.795 seconds
Platform modules already initialized, skipping
========================================================================
Worker process is ready to serve import requests
Launched and connected shader compiler UnityShaderCompiler.exe after 0.06 seconds
Refreshing native plugins compatible for Editor in 0.39 ms, found 0 plugins.
Preloading 0 native plugins for Editor in 0.00 ms.
Unloading 1361 Unused Serialized files (Serialized files now loaded: 0)
System memory in use before: 63.5 MB.
System memory in use after: 63.6 MB.

Unloading 33 unused Assets to reduce memory usage. Loaded Objects now: 1791.
Total: 1.568700 ms (FindLiveObjects: 0.182800 ms CreateObjectMapping: 0.032500 ms MarkObjects: 1.309300 ms  DeleteObjects: 0.042800 ms)

========================================================================
Received Import Request.
  path: Assets/Shuriken Loading Animation SpriteSheet.psd
  artifactKey: Guid(aee4bade17595d347aa300b8355af2df) Importer(815301076,1909f56bfc062723c751e8b465ee728b)
Start importing Assets/Shuriken Loading Animation SpriteSheet.psd using Guid(aee4bade17595d347aa300b8355af2df) Importer(815301076,1909f56bfc062723c751e8b465ee728b)  -> (artifact id: '740bd77f6b1e07440c419d8cbd447e17') in 0.132387 seconds
  Import took 0.135144 seconds .

========================================================================
Received Import Request.
  Time since last request: 0.000320 seconds.
  path: Assets/Sprite Sheet.psd
  artifactKey: Guid(e7a14d8bd1df2a541948774a38dd3357) Importer(815301076,1909f56bfc062723c751e8b465ee728b)
Start importing Assets/Sprite Sheet.psd using Guid(e7a14d8bd1df2a541948774a38dd3357) Importer(815301076,1909f56bfc062723c751e8b465ee728b)  -> (artifact id: '8aa0e134522ffdfb789de8655f7a095a') in 0.016403 seconds
  Import took 0.018408 seconds .

========================================================================
Received Import Request.
  Time since last request: 0.020125 seconds.
  path: Assets/Shuriken Loading Animation SpriteSheet.psd
  artifactKey: Guid(aee4bade17595d347aa300b8355af2df) Importer(815301076,1909f56bfc062723c751e8b465ee728b)
Start importing Assets/Shuriken Loading Animation SpriteSheet.psd using Guid(aee4bade17595d347aa300b8355af2df) Importer(815301076,1909f56bfc062723c751e8b465ee728b)  -> (artifact id: '740bd77f6b1e07440c419d8cbd447e17') in 0.020730 seconds
  Import took 0.023593 seconds .

========================================================================
Received Prepare
Registering precompiled user dll's ...
Registered in 0.002043 seconds.
Begin MonoManager ReloadAssembly
Native extension for WindowsStandalone target not found
Refreshing native plugins compatible for Editor in 0.44 ms, found 0 plugins.
Preloading 0 native plugins for Editor in 0.00 ms.
Invoked RoslynAnalysisRunner static constructor.
RoslynAnalysisRunner will not be running.
RoslynAnalysisRunner has terminated.
Mono: successfully reloaded assembly
- Completed reload, in  0.778 seconds
Platform modules already initialized, skipping
Refreshing native plugins compatible for Editor in 0.48 ms, found 0 plugins.
Preloading 0 native plugins for Editor in 0.00 ms.
Unloading 1356 Unused Serialized files (Serialized files now loaded: 0)
System memory in use before: 66.6 MB.
System memory in use after: 66.7 MB.

Unloading 24 unused Assets to reduce memory usage. Loaded Objects now: 1809.
Total: 2.008100 ms (FindLiveObjects: 0.173000 ms CreateObjectMapping: 0.032900 ms MarkObjects: 1.775700 ms  DeleteObjects: 0.025100 ms)

AssetImportWorkerClient::OnTransportError - code=2 error=End of file
